2020-11-11 21:31:31,036 INFO o.a.j.u.JMeterUtils: Setting Locale to en_EN
2020-11-11 21:31:31,051 INFO o.a.j.JMeter: Loading user properties from: C:\Users\PC\Desktop\apache-jmeter-5.1.1\bin\user.properties
2020-11-11 21:31:31,061 INFO o.a.j.JMeter: Loading system properties from: C:\Users\PC\Desktop\apache-jmeter-5.1.1\bin\system.properties
2020-11-11 21:31:31,085 INFO o.a.j.JMeter: Copyright (c) 1998-2019 The Apache Software Foundation
2020-11-11 21:31:31,085 INFO o.a.j.JMeter: Version 5.1.1 r1855137
2020-11-11 21:31:31,085 INFO o.a.j.JMeter: java.version=1.8.0_271
2020-11-11 21:31:31,085 INFO o.a.j.JMeter: java.vm.name=Java HotSpot(TM) 64-Bit Server VM
2020-11-11 21:31:31,085 INFO o.a.j.JMeter: os.name=Windows 10
2020-11-11 21:31:31,086 INFO o.a.j.JMeter: os.arch=amd64
2020-11-11 21:31:31,086 INFO o.a.j.JMeter: os.version=10.0
2020-11-11 21:31:31,086 INFO o.a.j.JMeter: file.encoding=Cp1252
2020-11-11 21:31:31,086 INFO o.a.j.JMeter: java.awt.headless=true
2020-11-11 21:31:31,086 INFO o.a.j.JMeter: Max memory     =1073741824
2020-11-11 21:31:31,086 INFO o.a.j.JMeter: Available Processors =8
2020-11-11 21:31:31,119 INFO o.a.j.JMeter: Default Locale=English (EN)
2020-11-11 21:31:31,120 INFO o.a.j.JMeter: JMeter  Locale=English (EN)
2020-11-11 21:31:31,120 INFO o.a.j.JMeter: JMeterHome=C:\Users\PC\Desktop\apache-jmeter-5.1.1
2020-11-11 21:31:31,120 INFO o.a.j.JMeter: user.dir  =C:\Users\PC\Documents\ExamenModulo3\carga
2020-11-11 21:31:31,120 INFO o.a.j.JMeter: PWD       =C:\Users\PC\Documents\ExamenModulo3\carga
2020-11-11 21:31:31,165 INFO o.a.j.JMeter: IP: 192.168.0.12 Name: DESKTOP-1D8CER4 FullName: 192.168.0.12
2020-11-11 21:31:31,179 INFO o.a.j.s.FileServer: Default base='C:\Users\PC\Documents\ExamenModulo3\carga'
2020-11-11 21:31:31,184 INFO o.a.j.s.FileServer: Set new base='C:\Users\PC\Documents\ExamenModulo3\carga'
2020-11-11 21:31:32,106 INFO o.a.j.s.SaveService: Testplan (JMX) version: 2.2. Testlog (JTL) version: 2.2
2020-11-11 21:31:32,244 INFO o.a.j.s.SaveService: Using SaveService properties file encoding UTF-8
2020-11-11 21:31:32,278 INFO o.a.j.s.SaveService: Using SaveService properties version 5.0
2020-11-11 21:31:32,285 INFO o.a.j.s.SaveService: Loading file: TestPlanExamenModulo3.jmx
2020-11-11 21:31:32,447 INFO o.a.j.p.h.s.HTTPSamplerBase: Parser for text/html is org.apache.jmeter.protocol.http.parser.LagartoBasedHtmlParser
2020-11-11 21:31:32,448 INFO o.a.j.p.h.s.HTTPSamplerBase: Parser for application/xhtml+xml is org.apache.jmeter.protocol.http.parser.LagartoBasedHtmlParser
2020-11-11 21:31:32,448 INFO o.a.j.p.h.s.HTTPSamplerBase: Parser for application/xml is org.apache.jmeter.protocol.http.parser.LagartoBasedHtmlParser
2020-11-11 21:31:32,448 INFO o.a.j.p.h.s.HTTPSamplerBase: Parser for text/xml is org.apache.jmeter.protocol.http.parser.LagartoBasedHtmlParser
2020-11-11 21:31:32,448 INFO o.a.j.p.h.s.HTTPSamplerBase: Parser for text/vnd.wap.wml is org.apache.jmeter.protocol.http.parser.RegexpHTMLParser
2020-11-11 21:31:32,448 INFO o.a.j.p.h.s.HTTPSamplerBase: Parser for text/css is org.apache.jmeter.protocol.http.parser.CssParser
2020-11-11 21:31:32,507 INFO o.a.j.JMeter: Creating summariser <summary>
2020-11-11 21:31:32,513 INFO o.a.j.e.StandardJMeterEngine: Running the test!
2020-11-11 21:31:32,532 INFO o.a.j.s.SampleEvent: List of sample_variables: []
2020-11-11 21:31:32,532 INFO o.a.j.s.SampleEvent: List of sample_variables: []
2020-11-11 21:31:32,545 INFO o.a.j.e.u.CompoundVariable: Note: Function class names must contain the string: '.functions.'
2020-11-11 21:31:32,545 INFO o.a.j.e.u.CompoundVariable: Note: Function class names must not contain the string: '.gui.'
2020-11-11 21:31:33,068 INFO o.a.j.JMeter: Running test (1605151893068)
2020-11-11 21:31:33,106 INFO o.a.j.e.StandardJMeterEngine: Starting ThreadGroup: 1 : Thread Group
2020-11-11 21:31:33,106 INFO o.a.j.e.StandardJMeterEngine: Starting 1 threads for group Thread Group.
2020-11-11 21:31:33,106 INFO o.a.j.e.StandardJMeterEngine: Thread will continue on error
2020-11-11 21:31:33,107 INFO o.a.j.t.ThreadGroup: Starting thread group... number=1 threads=1 ramp-up=1 delayedStart=false
2020-11-11 21:31:33,112 INFO o.a.j.t.ThreadGroup: Started thread group number 1
2020-11-11 21:31:33,113 INFO o.a.j.e.StandardJMeterEngine: All thread groups have been started
2020-11-11 21:31:33,118 INFO o.a.j.t.JMeterThread: Thread started: Thread Group 1-1
2020-11-11 21:31:33,222 INFO o.a.j.p.h.s.HTTPHCAbstractImpl: Local host = DESKTOP-1D8CER4
2020-11-11 21:31:33,231 INFO o.a.j.p.h.s.HTTPHC4Impl: HTTP request retry count = 0
2020-11-11 21:31:33,233 INFO o.a.j.s.SampleResult: Note: Sample TimeStamps are START times
2020-11-11 21:31:33,233 INFO o.a.j.s.SampleResult: sampleresult.default.encoding is set to ISO-8859-1
2020-11-11 21:31:33,233 INFO o.a.j.s.SampleResult: sampleresult.useNanoTime=true
2020-11-11 21:31:33,233 INFO o.a.j.s.SampleResult: sampleresult.nanoThreadSleep=5000
2020-11-11 21:31:33,441 INFO o.a.j.p.h.s.h.LazyLayeredConnectionSocketFactory: Setting up HTTPS TrustAll Socket Factory
2020-11-11 21:31:33,450 INFO o.a.j.u.JsseSSLManager: Using default SSL protocol: TLS
2020-11-11 21:31:33,450 INFO o.a.j.u.JsseSSLManager: SSL session context: per-thread
2020-11-11 21:31:34,152 INFO o.a.j.u.SSLManager: JmeterKeyStore Location:  type JKS
2020-11-11 21:31:34,153 INFO o.a.j.u.SSLManager: KeyStore created OK
2020-11-11 21:31:34,153 WARN o.a.j.u.SSLManager: Keystore file not found, loading empty keystore
2020-11-11 21:31:35,226 INFO o.a.j.r.Summariser: summary +      1 in 00:00:02 =    0.5/s Avg:  1842 Min:  1842 Max:  1842 Err:     0 (0.00%) Active: 1 Started: 1 Finished: 0
2020-11-11 21:31:35,382 INFO o.a.j.t.JMeterThread: Thread is done: Thread Group 1-1
2020-11-11 21:31:35,382 INFO o.a.j.t.JMeterThread: Thread finished: Thread Group 1-1
2020-11-11 21:31:35,385 INFO o.a.j.e.StandardJMeterEngine: Notifying test listeners of end of test
2020-11-11 21:31:35,386 INFO o.a.j.r.Summariser: summary +      2 in 00:00:00 =   12.5/s Avg:    63 Min:     0 Max:   127 Err:     0 (0.00%) Active: 0 Started: 1 Finished: 1
2020-11-11 21:31:35,387 INFO o.a.j.r.Summariser: summary =      3 in 00:00:02 =    1.3/s Avg:   656 Min:     0 Max:  1842 Err:     0 (0.00%)
